<?xml version="1.0" encoding="UTF-8"?>
<!-- Generated by org.testng.reporters.JUnitXMLReporter -->
<testsuite ignored="0" hostname="DESKTOP-BLJ7COK" failures="0" tests="8" name="FirefoxTest" time="268.098" errors="0" timestamp="2022-09-24T23:15:29 IST">
  <testcase classname="test.TestNG2" name="verifySearchFunctionality" time="14.188"/>
  <testcase classname="test.TestNG2" name="verifyDropDowncategories" time="31.275"/>
  <testcase classname="test.TestNG2" name="verifyproductDetailpage" time="17.415"/>
  <testcase classname="test.TestNG2" name="verifyproductdetailpage1" time="18.341"/>
  <testcase classname="test.TestNG1_homepage" name="VerifyHomepage" time="21.125"/>
  <testcase classname="test.TestNG1_homepage" name="VerifyCreateNewAccount" time="5.704"/>
  <testcase classname="test.TestNG1_homepage" name="loginWithFacebookAccount" time="25.948"/>
  <testcase classname="test.TestNG1_homepage" name="LoginWithExistingAccount" time="4.96"/>
</testsuite> <!-- FirefoxTest -->
